{"numFailedTestSuites":0,"numFailedTests":0,"numPassedTestSuites":6,"numPassedTests":10,"numPendingTestSuites":0,"numPendingTests":0,"numRuntimeErrorTestSuites":0,"numTodoTests":0,"numTotalTestSuites":6,"numTotalTests":10,"openHandles":[],"snapshot":{"added":0,"didUpdate":false,"failure":false,"filesAdded":0,"filesRemoved":0,"filesUnmatched":0,"filesUpdated":0,"matched":0,"total":0,"unchecked":0,"uncheckedKeysByFile":[],"unmatched":0,"updated":0},"startTime":1561637375811,"success":true,"testResults":[{"assertionResults":[{"ancestorTitles":[],"failureMessages":[],"fullName":"should render without error","location":null,"status":"passed","title":"should render without error"}],"endTime":1561637380727,"message":"","name":"/Users/philberryman/workspace/fitProject/client/src/Components/Programs/Program.test.js","startTime":1561637378798,"status":"passed","summary":""},{"assertionResults":[{"ancestorTitles":["All Programs list"],"failureMessages":[],"fullName":"All Programs list should render without error","location":null,"status":"passed","title":"should render without error"}],"endTime":1561637380796,"message":"","name":"/Users/philberryman/workspace/fitProject/client/src/Components/Programs/allPrograms.test.js","startTime":1561637378798,"status":"passed","summary":""},{"assertionResults":[{"ancestorTitles":[],"failureMessages":[],"fullName":"should show weight of 50kg","location":null,"status":"passed","title":"should show weight of 50kg"},{"ancestorTitles":[],"failureMessages":[],"fullName":"should show 10 reps","location":null,"status":"passed","title":"should show 10 reps"},{"ancestorTitles":[],"failureMessages":[],"fullName":"should show 4 sets","location":null,"status":"passed","title":"should show 4 sets"},{"ancestorTitles":[],"failureMessages":[],"fullName":"should show open to show edit controls when edit is clicked","location":null,"status":"passed","title":"should show open to show edit controls when edit is clicked"},{"ancestorTitles":[],"failureMessages":[],"fullName":"should close show edit controls when done is clicked","location":null,"status":"passed","title":"should close show edit controls when done is clicked"}],"endTime":1561637380843,"message":"","name":"/Users/philberryman/workspace/fitProject/client/src/Tests/ProgramActivitySets.test.js","startTime":1561637378796,"status":"passed","summary":""},{"assertionResults":[{"ancestorTitles":[],"failureMessages":[],"fullName":"should render without error","location":null,"status":"passed","title":"should render without error"}],"endTime":1561637381187,"message":"","name":"/Users/philberryman/workspace/fitProject/client/src/Components/Exercises/CreateExercise.test.js","startTime":1561637380862,"status":"passed","summary":""},{"assertionResults":[{"ancestorTitles":["All Exercise list"],"failureMessages":[],"fullName":"All Exercise list should render without error","location":null,"status":"passed","title":"should render without error"}],"endTime":1561637381274,"message":"","name":"/Users/philberryman/workspace/fitProject/client/src/Components/Exercises/AllExercises.test.js","startTime":1561637380748,"status":"passed","summary":""},{"assertionResults":[{"ancestorTitles":[],"failureMessages":[],"fullName":"renders without error","location":null,"status":"passed","title":"renders without error"}],"endTime":1561637381308,"message":"","name":"/Users/philberryman/workspace/fitProject/client/src/Tests/ProgramActivities.test.js","startTime":1561637380814,"status":"passed","summary":""}],"wasInterrupted":false}