{"numFailedTestSuites":0,"numFailedTests":0,"numPassedTestSuites":6,"numPassedTests":10,"numPendingTestSuites":0,"numPendingTests":0,"numRuntimeErrorTestSuites":0,"numTodoTests":0,"numTotalTestSuites":6,"numTotalTests":10,"openHandles":[],"snapshot":{"added":0,"didUpdate":false,"failure":false,"filesAdded":0,"filesRemoved":0,"filesUnmatched":0,"filesUpdated":0,"matched":0,"total":0,"unchecked":0,"uncheckedKeysByFile":[],"unmatched":0,"updated":0},"startTime":1561642123284,"success":true,"testResults":[{"assertionResults":[{"ancestorTitles":[],"failureMessages":[],"fullName":"should render without error","location":null,"status":"passed","title":"should render without error"}],"endTime":1561642126573,"message":"","name":"/Users/philberryman/workspace/fitProject/client/src/Components/Programs/Program.test.js","startTime":1561642124778,"status":"passed","summary":""},{"assertionResults":[{"ancestorTitles":[],"failureMessages":[],"fullName":"should show weight of 50kg","location":null,"status":"passed","title":"should show weight of 50kg"},{"ancestorTitles":[],"failureMessages":[],"fullName":"should show 10 reps","location":null,"status":"passed","title":"should show 10 reps"},{"ancestorTitles":[],"failureMessages":[],"fullName":"should show 4 sets","location":null,"status":"passed","title":"should show 4 sets"},{"ancestorTitles":[],"failureMessages":[],"fullName":"should show open to show edit controls when edit is clicked","location":null,"status":"passed","title":"should show open to show edit controls when edit is clicked"},{"ancestorTitles":[],"failureMessages":[],"fullName":"should close show edit controls when done is clicked","location":null,"status":"passed","title":"should close show edit controls when done is clicked"}],"endTime":1561642126705,"message":"","name":"/Users/philberryman/workspace/fitProject/client/src/Tests/ProgramActivitySets.test.js","startTime":1561642124764,"status":"passed","summary":""},{"assertionResults":[{"ancestorTitles":["All Programs list"],"failureMessages":[],"fullName":"All Programs list should render without error","location":null,"status":"passed","title":"should render without error"}],"endTime":1561642126722,"message":"","name":"/Users/philberryman/workspace/fitProject/client/src/Components/Programs/allPrograms.test.js","startTime":1561642124810,"status":"passed","summary":""},{"assertionResults":[{"ancestorTitles":[],"failureMessages":[],"fullName":"should render without error","location":null,"status":"passed","title":"should render without error"}],"endTime":1561642127079,"message":"","name":"/Users/philberryman/workspace/fitProject/client/src/Components/Exercises/CreateExercise.test.js","startTime":1561642126754,"status":"passed","summary":""},{"assertionResults":[{"ancestorTitles":["All Exercise list"],"failureMessages":[],"fullName":"All Exercise list should render without error","location":null,"status":"passed","title":"should render without error"}],"endTime":1561642127159,"message":"","name":"/Users/philberryman/workspace/fitProject/client/src/Components/Exercises/AllExercises.test.js","startTime":1561642126615,"status":"passed","summary":""},{"assertionResults":[{"ancestorTitles":[],"failureMessages":[],"fullName":"renders without error","location":null,"status":"passed","title":"renders without error"}],"endTime":1561642127206,"message":"","name":"/Users/philberryman/workspace/fitProject/client/src/Tests/ProgramActivities.test.js","startTime":1561642126745,"status":"passed","summary":""}],"wasInterrupted":false}